Using pre-set license
Built from '2020.3/staging' branch; Version is '2020.3.6f1 (338bb68529b2) revision 3378102'; Using compiler version '192528614'; Build Type 'Release'
OS: 'Windows 10 Home; OS build 22631.3155; Version 2009; 64bit' Language: 'es' Physical Memory: 16125 MB
BatchMode: 1, IsHumanControllingUs: 0, StartBugReporterOnCrash: 0, Is64bit: 1, IsPro: 0

 COMMAND LINE ARGUMENTS:
C:\Program Files\Unity\Editor\Unity.exe
-adb2
-batchMode
-noUpm
-name
AssetImportWorker0
-projectPath
C:/Users/Mxlky/OneDrive/Escritorio/CookingWars/CookingWars
-logFile
Logs/AssetImportWorker0.log
-srvPort
60140
Successfully changed project path to: C:/Users/Mxlky/OneDrive/Escritorio/CookingWars/CookingWars
C:/Users/Mxlky/OneDrive/Escritorio/CookingWars/CookingWars
Using Asset Import Pipeline V2.
Refreshing native plugins compatible for Editor in 16.05 ms, found 2 plugins.
Preloading 0 native plugins for Editor in 0.00 ms.
Initialize engine version: 2020.3.6f1 (338bb68529b2)
[Subsystems] Discovering subsystems at path C:/Program Files/Unity/Editor/Data/Resources/UnitySubsystems
[Subsystems] Discovering subsystems at path C:/Users/Mxlky/OneDrive/Escritorio/CookingWars/CookingWars/Assets
GfxDevice: creating device client; threaded=0
Direct3D:
    Version:  Direct3D 11.0 [level 11.1]
    Renderer: NVIDIA GeForce GTX 1660 SUPER (ID=0x21c4)
    Vendor:   
    VRAM:     5992 MB
    Driver:   31.0.15.1694
Initialize mono
Mono path[0] = 'C:/Program Files/Unity/Editor/Data/Managed'
Mono path[1] = 'C:/Program Files/Unity/Editor/Data/MonoBleedingEdge/lib/mono/unityjit'
Mono config path = 'C:/Program Files/Unity/Editor/Data/MonoBleedingEdge/etc'
Using monoOptions --debugger-agent=transport=dt_socket,embedding=1,server=y,suspend=n,address=127.0.0.1:56724
Begin MonoManager ReloadAssembly
Registering precompiled unity dll's ...
Register platform support module: C:/Program Files/Unity/Editor/Data/PlaybackEngines/WindowsStandaloneSupport/UnityEditor.WindowsStandalone.Extensions.dll
Registered in 0.001206 seconds.
Native extension for WindowsStandalone target not found
Refreshing native plugins compatible for Editor in 15.49 ms, found 2 plugins.
Preloading 0 native plugins for Editor in 0.00 ms.
Mono: successfully reloaded assembly
- Completed reload, in  0.595 seconds
Platform modules already initialized, skipping
Registering precompiled user dll's ...
Registered in 0.002397 seconds.
Begin MonoManager ReloadAssembly
Native extension for WindowsStandalone target not found
Refreshing native plugins compatible for Editor in 0.17 ms, found 2 plugins.
Preloading 0 native plugins for Editor in 0.00 ms.
Mono: successfully reloaded assembly
- Completed reload, in  0.535 seconds
Platform modules already initialized, skipping
========================================================================
Worker process is ready to serve import requests
Launched and connected shader compiler UnityShaderCompiler.exe after 0.03 seconds
Refreshing native plugins compatible for Editor in 0.17 ms, found 2 plugins.
Preloading 0 native plugins for Editor in 0.00 ms.
Unloading 1321 Unused Serialized files (Serialized files now loaded: 0)
System memory in use before: 63.4 MB.
System memory in use after: 63.5 MB.

Unloading 16 unused Assets to reduce memory usage. Loaded Objects now: 1758.
Total: 1.116900 ms (FindLiveObjects: 0.176600 ms CreateObjectMapping: 0.019300 ms MarkObjects: 0.885600 ms  DeleteObjects: 0.034500 ms)

========================================================================
Received Import Request.
  path: Assets/Modelos/Sala.fbx
  artifactKey: Guid(8338022ea9270f24a9af304cf6c59959) Importer(815301076,1909f56bfc062723c751e8b465ee728b)
Start importing Assets/Modelos/Sala.fbx using Guid(8338022ea9270f24a9af304cf6c59959) Importer(815301076,1909f56bfc062723c751e8b465ee728b)  -> (artifact id: '028d243898c1659ee20a7f7cef8e795d') in 0.077222 seconds
  Import took 0.078686 seconds .

========================================================================
Received Import Request.
  Time since last request: 0.000319 seconds.
  path: Assets/Modelos/Escenario.fbx
  artifactKey: Guid(9a76c1d01047f51438e96f2872dbe66c) Importer(815301076,1909f56bfc062723c751e8b465ee728b)
Start importing Assets/Modelos/Escenario.fbx using Guid(9a76c1d01047f51438e96f2872dbe66c) Importer(815301076,1909f56bfc062723c751e8b465ee728b)  -> (artifact id: '9fc88e3081483ccb48da67db0e455ac2') in 0.038912 seconds
  Import took 0.040427 seconds .

========================================================================
Received Import Request.
  Time since last request: 0.000384 seconds.
  path: Assets/Modelos/Encimera.fbx
  artifactKey: Guid(a8d093e450ed29143ab42981ef50bc00) Importer(815301076,1909f56bfc062723c751e8b465ee728b)
Start importing Assets/Modelos/Encimera.fbx using Guid(a8d093e450ed29143ab42981ef50bc00) Importer(815301076,1909f56bfc062723c751e8b465ee728b)  -> (artifact id: '4f0a41c9ac19dcaeb927445e90626049') in 0.012638 seconds
  Import took 0.014128 seconds .

========================================================================
Received Import Request.
  Time since last request: 0.000360 seconds.
  path: Assets/Modelos/Puerta.fbx
  artifactKey: Guid(b6cdc5b57c503a848a698974c01e1069) Importer(815301076,1909f56bfc062723c751e8b465ee728b)
Start importing Assets/Modelos/Puerta.fbx using Guid(b6cdc5b57c503a848a698974c01e1069) Importer(815301076,1909f56bfc062723c751e8b465ee728b)  -> (artifact id: 'd62a6d812c6d390ce477af89aa526529') in 0.016503 seconds
  Import took 0.018022 seconds .

========================================================================
Received Import Request.
  Time since last request: 0.000369 seconds.
  path: Assets/Modelos/Cliente.fbx
  artifactKey: Guid(42b928b922d2e9f4aacf22aca5408101) Importer(815301076,1909f56bfc062723c751e8b465ee728b)
Start importing Assets/Modelos/Cliente.fbx using Guid(42b928b922d2e9f4aacf22aca5408101) Importer(815301076,1909f56bfc062723c751e8b465ee728b)  -> (artifact id: 'c77af6049524836e8cace9bca4e1cb21') in 0.039557 seconds
  Import took 0.041116 seconds .

========================================================================
Received Import Request.
  Time since last request: 0.000336 seconds.
  path: Assets/Modelos/Bote de salsa.fbx
  artifactKey: Guid(388c08147d1d5de439bcdb5dd1993623) Importer(815301076,1909f56bfc062723c751e8b465ee728b)
Start importing Assets/Modelos/Bote de salsa.fbx using Guid(388c08147d1d5de439bcdb5dd1993623) Importer(815301076,1909f56bfc062723c751e8b465ee728b)  -> (artifact id: '600a4671182ee90bf5605f9b2a54a38f') in 0.012377 seconds
  Import took 0.013895 seconds .

========================================================================
Received Import Request.
  Time since last request: 0.000349 seconds.
  path: Assets/Modelos
  artifactKey: Guid(1b77f81e0aa21204e8d5cdbff3fa0ae1) Importer(815301076,1909f56bfc062723c751e8b465ee728b)
Start importing Assets/Modelos using Guid(1b77f81e0aa21204e8d5cdbff3fa0ae1) Importer(815301076,1909f56bfc062723c751e8b465ee728b)  -> (artifact id: 'be6229d3c977504e89c95f3d66d82213') in 0.001882 seconds
  Import took 0.003174 seconds .

========================================================================
Received Import Request.
  Time since last request: 0.000450 seconds.
  path: Assets/Modelos/Bandeja.fbx
  artifactKey: Guid(9b453ae3af83b974999f5acbfa2bb83d) Importer(815301076,1909f56bfc062723c751e8b465ee728b)
Start importing Assets/Modelos/Bandeja.fbx using Guid(9b453ae3af83b974999f5acbfa2bb83d) Importer(815301076,1909f56bfc062723c751e8b465ee728b)  -> (artifact id: 'a504a3624408c5625fff1f80e925874b') in 0.010737 seconds
  Import took 0.012306 seconds .

========================================================================
Received Import Request.
  Time since last request: 54.262318 seconds.
  path: Assets/Modelos/Caja.fbx
  artifactKey: Guid(07086b83ca69ac240934ef6afb81fe24) Importer(815301076,1909f56bfc062723c751e8b465ee728b)
Start importing Assets/Modelos/Caja.fbx using Guid(07086b83ca69ac240934ef6afb81fe24) Importer(815301076,1909f56bfc062723c751e8b465ee728b)  -> (artifact id: '3e60b978cdc42a291113e0acdb1f050d') in 0.030226 seconds
  Import took 0.034037 seconds .

========================================================================
Received Import Request.
  Time since last request: 0.000166 seconds.
  path: Assets/Modelos/EngranajeFBX.fbx
  artifactKey: Guid(dd2004b12bb5f5245ba9fac1c643c40c) Importer(815301076,1909f56bfc062723c751e8b465ee728b)
Start importing Assets/Modelos/EngranajeFBX.fbx using Guid(dd2004b12bb5f5245ba9fac1c643c40c) Importer(815301076,1909f56bfc062723c751e8b465ee728b)  -> (artifact id: 'f9cf2f660a1dac55dc1b82733dacd1d5') in 0.008973 seconds
  Import took 0.010429 seconds .

========================================================================
Received Import Request.
  Time since last request: 0.000186 seconds.
  path: Assets/Modelos/PizzaAmasada.fbx
  artifactKey: Guid(afee9faa542ff304997e97de01a28888) Importer(815301076,1909f56bfc062723c751e8b465ee728b)
Start importing Assets/Modelos/PizzaAmasada.fbx using Guid(afee9faa542ff304997e97de01a28888) Importer(815301076,1909f56bfc062723c751e8b465ee728b)  -> (artifact id: '4a9b1c84b9f61b9fa54d666782dd72dc') in 0.009711 seconds
  Import took 0.011238 seconds .

========================================================================
Received Import Request.
  Time since last request: 0.000452 seconds.
  path: Assets/Modelos/Vaso.fbx
  artifactKey: Guid(45beafaa32d94354987dffeb4f877e16) Importer(815301076,1909f56bfc062723c751e8b465ee728b)
Start importing Assets/Modelos/Vaso.fbx using Guid(45beafaa32d94354987dffeb4f877e16) Importer(815301076,1909f56bfc062723c751e8b465ee728b)  -> (artifact id: '569009982e957cd9fa2bdca6f1f30adb') in 0.009018 seconds
  Import took 0.010609 seconds .

========================================================================
Received Import Request.
  Time since last request: 0.000215 seconds.
  path: Assets/Modelos/VasoLleno.fbx
  artifactKey: Guid(c9144ee071cbb7849ad5eb6f88d7d2fd) Importer(815301076,1909f56bfc062723c751e8b465ee728b)
Start importing Assets/Modelos/VasoLleno.fbx using Guid(c9144ee071cbb7849ad5eb6f88d7d2fd) Importer(815301076,1909f56bfc062723c751e8b465ee728b)  -> (artifact id: 'cc6f96c616d07006289f533d8f7cf7b7') in 0.008982 seconds
  Import took 0.010466 seconds .

========================================================================
Received Import Request.
  Time since last request: 0.000176 seconds.
  path: Assets/Modelos/Player.fbx
  artifactKey: Guid(ab1973bf8b86ec341938c1ab76bcfa2d) Importer(815301076,1909f56bfc062723c751e8b465ee728b)
Start importing Assets/Modelos/Player.fbx using Guid(ab1973bf8b86ec341938c1ab76bcfa2d) Importer(815301076,1909f56bfc062723c751e8b465ee728b)  -> (artifact id: 'aded1b62404ad86c743a9f76eee62fa6') in 0.008121 seconds
  Import took 0.009557 seconds .

========================================================================
Received Import Request.
  Time since last request: 0.000208 seconds.
  path: Assets/Modelos/Masa.fbx
  artifactKey: Guid(e4ebae3708eac1845b289c068a43ab9f) Importer(815301076,1909f56bfc062723c751e8b465ee728b)
Start importing Assets/Modelos/Masa.fbx using Guid(e4ebae3708eac1845b289c068a43ab9f) Importer(815301076,1909f56bfc062723c751e8b465ee728b)  -> (artifact id: '75e3aa43750efba2939ec5f877fb40f7') in 0.010317 seconds
  Import took 0.011802 seconds .

========================================================================
Received Import Request.
  Time since last request: 0.000159 seconds.
  path: Assets/Modelos/Escenario 1.fbx
  artifactKey: Guid(bbade48319413354bab48ddfbb97ae13) Importer(815301076,1909f56bfc062723c751e8b465ee728b)
Start importing Assets/Modelos/Escenario 1.fbx using Guid(bbade48319413354bab48ddfbb97ae13) Importer(815301076,1909f56bfc062723c751e8b465ee728b)  -> (artifact id: '64b0faff516c5240a04c46d90a4e4cbe') in 0.033037 seconds
  Import took 0.034514 seconds .

========================================================================
Received Import Request.
  Time since last request: 0.000157 seconds.
  path: Assets/Modelos/Papelera.fbx
  artifactKey: Guid(2d8d43dfceb724349a9d59113a2547f0) Importer(815301076,1909f56bfc062723c751e8b465ee728b)
Start importing Assets/Modelos/Papelera.fbx using Guid(2d8d43dfceb724349a9d59113a2547f0) Importer(815301076,1909f56bfc062723c751e8b465ee728b)  -> (artifact id: 'fe8e8b353e0693516b1b391bdb98016d') in 0.008788 seconds
  Import took 0.010741 seconds .

========================================================================
Received Import Request.
  Time since last request: 5414.483388 seconds.
  path: Assets/Modelos/maquina mapeado.fbx
  artifactKey: Guid(d94df5c243c0ba94ebc6bbf87839b16d) Importer(815301076,1909f56bfc062723c751e8b465ee728b)
Start importing Assets/Modelos/maquina mapeado.fbx using Guid(d94df5c243c0ba94ebc6bbf87839b16d) Importer(815301076,1909f56bfc062723c751e8b465ee728b)  -> (artifact id: 'bc1c5c03d34975c2c8aff7bf1d110fb0') in 0.052075 seconds
  Import took 0.056614 seconds .

========================================================================
Received Import Request.
  Time since last request: 0.000167 seconds.
  path: Assets/Modelos/mesa mapeada.fbx
  artifactKey: Guid(44d83da423505f94480ef0ff3a76f7eb) Importer(815301076,1909f56bfc062723c751e8b465ee728b)
Start importing Assets/Modelos/mesa mapeada.fbx using Guid(44d83da423505f94480ef0ff3a76f7eb) Importer(815301076,1909f56bfc062723c751e8b465ee728b)  -> (artifact id: '83d674ff289e6e807ff970008402307a') in 0.015214 seconds
  Import took 0.016599 seconds .

========================================================================
Received Import Request.
  Time since last request: 0.000160 seconds.
  path: Assets/Modelos/silla mapeada.fbx
  artifactKey: Guid(fd4061043b177e946b09aa7763b3e11d) Importer(815301076,1909f56bfc062723c751e8b465ee728b)
Start importing Assets/Modelos/silla mapeada.fbx using Guid(fd4061043b177e946b09aa7763b3e11d) Importer(815301076,1909f56bfc062723c751e8b465ee728b)  -> (artifact id: '25f9a4347e7c863942bad1bbc491fd0d') in 0.015661 seconds
  Import took 0.017082 seconds .

========================================================================
Received Import Request.
  Time since last request: 0.000173 seconds.
  path: Assets/Modelos/RECIPIENTE 2 MAPEADO.fbx
  artifactKey: Guid(ab5d1a1619523b6409d1dbebb1f74b97) Importer(815301076,1909f56bfc062723c751e8b465ee728b)
Start importing Assets/Modelos/RECIPIENTE 2 MAPEADO.fbx using Guid(ab5d1a1619523b6409d1dbebb1f74b97) Importer(815301076,1909f56bfc062723c751e8b465ee728b)  -> (artifact id: '576b4c8dc860af8b24ce7945354eba77') in 0.010896 seconds
  Import took 0.012571 seconds .

========================================================================
Received Import Request.
  Time since last request: 479.380324 seconds.
  path: Assets/Texturas/Bote de salsa
  artifactKey: Guid(d12be773a43bb4846a6fcd8325a254ea) Importer(815301076,1909f56bfc062723c751e8b465ee728b)
Start importing Assets/Texturas/Bote de salsa using Guid(d12be773a43bb4846a6fcd8325a254ea) Importer(815301076,1909f56bfc062723c751e8b465ee728b)  -> (artifact id: '8ab5408d71c5a5bb62deffc0f05f1269') in 0.002390 seconds
  Import took 0.004287 seconds .

========================================================================
Received Import Request.
  Time since last request: 0.875048 seconds.
  path: Assets/Texturas/Bote de salsa/Amarillo
  artifactKey: Guid(0d636cfce7e9bb7409f4dac153c59e99) Importer(815301076,1909f56bfc062723c751e8b465ee728b)
Start importing Assets/Texturas/Bote de salsa/Amarillo using Guid(0d636cfce7e9bb7409f4dac153c59e99) Importer(815301076,1909f56bfc062723c751e8b465ee728b)  -> (artifact id: '9e77e5a1997ab4f200f7c25d40416eaf') in 0.002461 seconds
  Import took 0.004000 seconds .

========================================================================
Received Import Request.
  Time since last request: 0.046852 seconds.
  path: Assets/Texturas/Bote de salsa/Amarillo/Bote_de_salsa_Base_color.png
  artifactKey: Guid(7b7e7a4308ca20444aa5fd696c287119) Importer(815301076,1909f56bfc062723c751e8b465ee728b)
Start importing Assets/Texturas/Bote de salsa/Amarillo/Bote_de_salsa_Base_color.png using Guid(7b7e7a4308ca20444aa5fd696c287119) Importer(815301076,1909f56bfc062723c751e8b465ee728b)  -> (artifact id: 'a90fc5e4e2aee3190d8ddca99f020b09') in 0.019627 seconds
  Import took 0.021084 seconds .

========================================================================
Received Import Request.
  Time since last request: 0.000142 seconds.
  path: Assets/Texturas/Bote de salsa/Amarillo/Bote_de_salsa_Normal_DirectX.png
  artifactKey: Guid(5fd322b9e1b762b4a856db7cc1abff10) Importer(815301076,1909f56bfc062723c751e8b465ee728b)
Start importing Assets/Texturas/Bote de salsa/Amarillo/Bote_de_salsa_Normal_DirectX.png using Guid(5fd322b9e1b762b4a856db7cc1abff10) Importer(815301076,1909f56bfc062723c751e8b465ee728b)  -> (artifact id: '2829cfc2b163b1b62bf51ae599c3a8ec') in 0.006904 seconds
  Import took 0.008423 seconds .

========================================================================
Received Import Request.
  Time since last request: 0.000455 seconds.
  path: Assets/Texturas/Bote de salsa/Amarillo/Bote_de_salsa_Metallic.png
  artifactKey: Guid(e3fd9946c64b21b4a9d58598aad836d7) Importer(815301076,1909f56bfc062723c751e8b465ee728b)
Start importing Assets/Texturas/Bote de salsa/Amarillo/Bote_de_salsa_Metallic.png using Guid(e3fd9946c64b21b4a9d58598aad836d7) Importer(815301076,1909f56bfc062723c751e8b465ee728b)  -> (artifact id: '765dff7a4b0f26341c6cdaada14d6301') in 0.006586 seconds
  Import took 0.008089 seconds .

========================================================================
Received Import Request.
  Time since last request: 0.000184 seconds.
  path: Assets/Texturas/Bote de salsa/Amarillo/Bote_de_salsa_Normal.png
  artifactKey: Guid(07c5bfb25708b0b42ad06347e8917933) Importer(815301076,1909f56bfc062723c751e8b465ee728b)
Start importing Assets/Texturas/Bote de salsa/Amarillo/Bote_de_salsa_Normal.png using Guid(07c5bfb25708b0b42ad06347e8917933) Importer(815301076,1909f56bfc062723c751e8b465ee728b)  -> (artifact id: '3bd6f3fd87a95e15ee0e73b2c21ada05') in 0.007920 seconds
  Import took 0.009417 seconds .

========================================================================
Received Import Request.
  Time since last request: 0.000179 seconds.
  path: Assets/Texturas/Bote de salsa/Amarillo/Bote_de_salsa_Height.png
  artifactKey: Guid(559a63f8cbc7c8e4bbce94ee4f788a52) Importer(815301076,1909f56bfc062723c751e8b465ee728b)
Start importing Assets/Texturas/Bote de salsa/Amarillo/Bote_de_salsa_Height.png using Guid(559a63f8cbc7c8e4bbce94ee4f788a52) Importer(815301076,1909f56bfc062723c751e8b465ee728b)  -> (artifact id: '94b80498abaca5d9d3a0d230e56f28e3') in 0.007081 seconds
  Import took 0.008541 seconds .

========================================================================
Received Import Request.
  Time since last request: 0.000169 seconds.
  path: Assets/Texturas/Bote de salsa/Amarillo/Bote_de_salsa_Mixed_AO.png
  artifactKey: Guid(d5dc61ce1b54c2944901ea539100899f) Importer(815301076,1909f56bfc062723c751e8b465ee728b)
Start importing Assets/Texturas/Bote de salsa/Amarillo/Bote_de_salsa_Mixed_AO.png using Guid(d5dc61ce1b54c2944901ea539100899f) Importer(815301076,1909f56bfc062723c751e8b465ee728b)  -> (artifact id: '7cd2e0bfda51acb009008670a5551a67') in 0.006948 seconds
  Import took 0.008320 seconds .

========================================================================
Received Import Request.
  Time since last request: 0.000162 seconds.
  path: Assets/Texturas/Bote de salsa/Amarillo/Bote_de_salsa_Roughness.png
  artifactKey: Guid(049c3088e2e027d49a2c88e1315e7f5c) Importer(815301076,1909f56bfc062723c751e8b465ee728b)
Start importing Assets/Texturas/Bote de salsa/Amarillo/Bote_de_salsa_Roughness.png using Guid(049c3088e2e027d49a2c88e1315e7f5c) Importer(815301076,1909f56bfc062723c751e8b465ee728b)  -> (artifact id: 'afb284433825042b5a3dd88fd9861da3') in 0.007765 seconds
  Import took 0.009268 seconds .

AssetImportWorkerClient::OnTransportError - code=2 error=End of file
